R:\INTERPLANETARY_SPACECRAFT\INTERPLANETARY_TEST_SPACE\PROJECT1\PROJECT1\DEBUG\BATTERY.OBJ
R:\INTERPLANETARY_SPACECRAFT\INTERPLANETARY_TEST_SPACE\PROJECT1\PROJECT1\DEBUG\CREATOR.OBJ
R:\INTERPLANETARY_SPACECRAFT\INTERPLANETARY_TEST_SPACE\PROJECT1\PROJECT1\DEBUG\HYDROGENTANK.OBJ
R:\INTERPLANETARY_SPACECRAFT\INTERPLANETARY_TEST_SPACE\PROJECT1\PROJECT1\DEBUG\LINK.OBJ
R:\INTERPLANETARY_SPACECRAFT\INTERPLANETARY_TEST_SPACE\PROJECT1\PROJECT1\DEBUG\LOGGER.OBJ
R:\INTERPLANETARY_SPACECRAFT\INTERPLANETARY_TEST_SPACE\PROJECT1\PROJECT1\DEBUG\OXYGENTANK.OBJ
R:\INTERPLANETARY_SPACECRAFT\INTERPLANETARY_TEST_SPACE\PROJECT1\PROJECT1\DEBUG\PORT.OBJ
R:\INTERPLANETARY_SPACECRAFT\INTERPLANETARY_TEST_SPACE\PROJECT1\PROJECT1\DEBUG\SUBSYSTEM.OBJ
R:\INTERPLANETARY_SPACECRAFT\INTERPLANETARY_TEST_SPACE\PROJECT1\PROJECT1\DEBUG\THERMALFISSIONGENERATOR.OBJ
R:\INTERPLANETARY_SPACECRAFT\INTERPLANETARY_TEST_SPACE\PROJECT1\PROJECT1\DEBUG\THRUSTER.OBJ
R:\INTERPLANETARY_SPACECRAFT\INTERPLANETARY_TEST_SPACE\PROJECT1\PROJECT1\DEBUG\UTILITY.OBJ
R:\INTERPLANETARY_SPACECRAFT\INTERPLANETARY_TEST_SPACE\PROJECT1\PROJECT1\DEBUG\WATERTANK.OBJ
R:\INTERPLANETARY_SPACECRAFT\INTERPLANETARY_TEST_SPACE\PROJECT1\PROJECT1\DEBUG\VC110.PDB
R:\INTERPLANETARY_SPACECRAFT\INTERPLANETARY_TEST_SPACE\PROJECT1\PROJECT1\DEBUG\FUELCELL.OBJ
R:\INTERPLANETARY_SPACECRAFT\INTERPLANETARY_TEST_SPACE\PROJECT1\PROJECT1\DEBUG\RADIATOR.OBJ
R:\INTERPLANETARY_SPACECRAFT\INTERPLANETARY_TEST_SPACE\PROJECT1\PROJECT1\DEBUG\PARAVIEWER.OBJ
R:\INTERPLANETARY_SPACECRAFT\INTERPLANETARY_TEST_SPACE\PROJECT1\DEBUG\PROJECT1.EXE
R:\INTERPLANETARY_SPACECRAFT\INTERPLANETARY_TEST_SPACE\PROJECT1\DEBUG\PROJECT1.PDB
R:\Interplanetary_Spacecraft\Interplanetary_Test_Space\Project1\Project1\Debug\Project1.ParaView.resources
R:\INTERPLANETARY_SPACECRAFT\INTERPLANETARY_TEST_SPACE\PROJECT1\PROJECT1\DEBUG\INTERFACE1.RES
R:\Interplanetary_Spacecraft\Interplanetary_Test_Space\Project1\Project1\Debug\Project1.vcxproj.GenerateResource.Cache
R:\Interplanetary_Spacecraft\Interplanetary_Test_Space\Project1\Project1\Debug\Project1.vcxprojResolveAssemblyReference.cache
R:\Interplanetary_Spacecraft\Interplanetary_Test_Space\Project1\Project1\Debug\Battery.obj
R:\Interplanetary_Spacecraft\Interplanetary_Test_Space\Project1\Project1\Debug\Creator.obj
R:\Interplanetary_Spacecraft\Interplanetary_Test_Space\Project1\Project1\Debug\FuelCell.obj
R:\Interplanetary_Spacecraft\Interplanetary_Test_Space\Project1\Project1\Debug\HydrogenTank.obj
R:\Interplanetary_Spacecraft\Interplanetary_Test_Space\Project1\Project1\Debug\Link.obj
R:\Interplanetary_Spacecraft\Interplanetary_Test_Space\Project1\Project1\Debug\Logger.obj
R:\Interplanetary_Spacecraft\Interplanetary_Test_Space\Project1\Project1\Debug\OxygenTank.obj
R:\Interplanetary_Spacecraft\Interplanetary_Test_Space\Project1\Project1\Debug\ParaView.obj
R:\Interplanetary_Spacecraft\Interplanetary_Test_Space\Project1\Project1\Debug\ParaViewer.obj
R:\Interplanetary_Spacecraft\Interplanetary_Test_Space\Project1\Project1\Debug\Port.obj
R:\Interplanetary_Spacecraft\Interplanetary_Test_Space\Project1\Project1\Debug\Radiator.obj
R:\Interplanetary_Spacecraft\Interplanetary_Test_Space\Project1\Project1\Debug\SubSystem.obj
R:\Interplanetary_Spacecraft\Interplanetary_Test_Space\Project1\Project1\Debug\ThermalFissionGenerator.obj
R:\Interplanetary_Spacecraft\Interplanetary_Test_Space\Project1\Project1\Debug\Thruster.obj
R:\Interplanetary_Spacecraft\Interplanetary_Test_Space\Project1\Project1\Debug\utility.obj
R:\Interplanetary_Spacecraft\Interplanetary_Test_Space\Project1\Project1\Debug\WaterTank.obj
R:\Interplanetary_Spacecraft\Interplanetary_Test_Space\Project1\Project1\Debug\cl.command.1.tlog
R:\Interplanetary_Spacecraft\Interplanetary_Test_Space\Project1\Project1\Debug\CL.read.1.tlog
R:\Interplanetary_Spacecraft\Interplanetary_Test_Space\Project1\Project1\Debug\CL.write.1.tlog
R:\Interplanetary_Spacecraft\Interplanetary_Test_Space\Project1\Project1\Debug\link-cvtres.read.1.tlog
R:\Interplanetary_Spacecraft\Interplanetary_Test_Space\Project1\Project1\Debug\link-cvtres.write.1.tlog
R:\Interplanetary_Spacecraft\Interplanetary_Test_Space\Project1\Project1\Debug\link-mt.read.1.tlog
R:\Interplanetary_Spacecraft\Interplanetary_Test_Space\Project1\Project1\Debug\link-mt.write.1.tlog
R:\Interplanetary_Spacecraft\Interplanetary_Test_Space\Project1\Project1\Debug\link-rc.read.1.tlog
R:\Interplanetary_Spacecraft\Interplanetary_Test_Space\Project1\Project1\Debug\link-rc.write.1.tlog
R:\Interplanetary_Spacecraft\Interplanetary_Test_Space\Project1\Project1\Debug\link.11396-cvtres.read.1.tlog
R:\Interplanetary_Spacecraft\Interplanetary_Test_Space\Project1\Project1\Debug\link.11396-cvtres.write.1.tlog
R:\Interplanetary_Spacecraft\Interplanetary_Test_Space\Project1\Project1\Debug\link.11396-rc.read.1.tlog
R:\Interplanetary_Spacecraft\Interplanetary_Test_Space\Project1\Project1\Debug\link.11396-rc.write.1.tlog
R:\Interplanetary_Spacecraft\Interplanetary_Test_Space\Project1\Project1\Debug\link.11396.read.1.tlog
R:\Interplanetary_Spacecraft\Interplanetary_Test_Space\Project1\Project1\Debug\link.11396.write.1.tlog
R:\Interplanetary_Spacecraft\Interplanetary_Test_Space\Project1\Project1\Debug\link.11528-cvtres.read.1.tlog
R:\Interplanetary_Spacecraft\Interplanetary_Test_Space\Project1\Project1\Debug\link.11528-cvtres.write.1.tlog
R:\Interplanetary_Spacecraft\Interplanetary_Test_Space\Project1\Project1\Debug\link.11528-rc.read.1.tlog
R:\Interplanetary_Spacecraft\Interplanetary_Test_Space\Project1\Project1\Debug\link.11528-rc.write.1.tlog
R:\Interplanetary_Spacecraft\Interplanetary_Test_Space\Project1\Project1\Debug\link.11528.read.1.tlog
R:\Interplanetary_Spacecraft\Interplanetary_Test_Space\Project1\Project1\Debug\link.11528.write.1.tlog
R:\Interplanetary_Spacecraft\Interplanetary_Test_Space\Project1\Project1\Debug\link.11768.10840-cvtres.read.1.tlog
R:\Interplanetary_Spacecraft\Interplanetary_Test_Space\Project1\Project1\Debug\link.11768.10840-cvtres.write.1.tlog
R:\Interplanetary_Spacecraft\Interplanetary_Test_Space\Project1\Project1\Debug\link.11768.10840-rc.read.1.tlog
R:\Interplanetary_Spacecraft\Interplanetary_Test_Space\Project1\Project1\Debug\link.11768.10840-rc.write.1.tlog
R:\Interplanetary_Spacecraft\Interplanetary_Test_Space\Project1\Project1\Debug\link.11768.10840.read.1.tlog
R:\Interplanetary_Spacecraft\Interplanetary_Test_Space\Project1\Project1\Debug\link.11768.10840.write.1.tlog
R:\Interplanetary_Spacecraft\Interplanetary_Test_Space\Project1\Project1\Debug\link.11768.read.1.tlog
R:\Interplanetary_Spacecraft\Interplanetary_Test_Space\Project1\Project1\Debug\link.11768.write.1.tlog
R:\Interplanetary_Spacecraft\Interplanetary_Test_Space\Project1\Project1\Debug\link.12864-cvtres.read.1.tlog
R:\Interplanetary_Spacecraft\Interplanetary_Test_Space\Project1\Project1\Debug\link.12864-cvtres.write.1.tlog
R:\Interplanetary_Spacecraft\Interplanetary_Test_Space\Project1\Project1\Debug\link.12864-rc.read.1.tlog
R:\Interplanetary_Spacecraft\Interplanetary_Test_Space\Project1\Project1\Debug\link.12864-rc.write.1.tlog
R:\Interplanetary_Spacecraft\Interplanetary_Test_Space\Project1\Project1\Debug\link.12864.read.1.tlog
R:\Interplanetary_Spacecraft\Interplanetary_Test_Space\Project1\Project1\Debug\link.12864.write.1.tlog
R:\Interplanetary_Spacecraft\Interplanetary_Test_Space\Project1\Project1\Debug\link.8464-cvtres.read.1.tlog
R:\Interplanetary_Spacecraft\Interplanetary_Test_Space\Project1\Project1\Debug\link.8464-cvtres.write.1.tlog
R:\Interplanetary_Spacecraft\Interplanetary_Test_Space\Project1\Project1\Debug\link.8464-rc.read.1.tlog
R:\Interplanetary_Spacecraft\Interplanetary_Test_Space\Project1\Project1\Debug\link.8464-rc.write.1.tlog
R:\Interplanetary_Spacecraft\Interplanetary_Test_Space\Project1\Project1\Debug\link.8464.read.1.tlog
R:\Interplanetary_Spacecraft\Interplanetary_Test_Space\Project1\Project1\Debug\link.8464.write.1.tlog
R:\Interplanetary_Spacecraft\Interplanetary_Test_Space\Project1\Project1\Debug\link.9424-cvtres.read.1.tlog
R:\Interplanetary_Spacecraft\Interplanetary_Test_Space\Project1\Project1\Debug\link.9424-cvtres.write.1.tlog
R:\Interplanetary_Spacecraft\Interplanetary_Test_Space\Project1\Project1\Debug\link.9424-rc.read.1.tlog
R:\Interplanetary_Spacecraft\Interplanetary_Test_Space\Project1\Project1\Debug\link.9424-rc.write.1.tlog
R:\Interplanetary_Spacecraft\Interplanetary_Test_Space\Project1\Project1\Debug\link.9424.read.1.tlog
R:\Interplanetary_Spacecraft\Interplanetary_Test_Space\Project1\Project1\Debug\link.9424.write.1.tlog
R:\Interplanetary_Spacecraft\Interplanetary_Test_Space\Project1\Project1\Debug\link.command.1.tlog
R:\Interplanetary_Spacecraft\Interplanetary_Test_Space\Project1\Project1\Debug\link.read.1.tlog
R:\Interplanetary_Spacecraft\Interplanetary_Test_Space\Project1\Project1\Debug\link.write.1.tlog
R:\Interplanetary_Spacecraft\Interplanetary_Test_Space\Project1\Project1\Debug\Project1.write.1.tlog
R:\Interplanetary_Spacecraft\Interplanetary_Test_Space\Project1\Project1\Debug\rc.command.1.tlog
R:\Interplanetary_Spacecraft\Interplanetary_Test_Space\Project1\Project1\Debug\rc.read.1.tlog
R:\Interplanetary_Spacecraft\Interplanetary_Test_Space\Project1\Project1\Debug\rc.write.1.tlog
R:\Interplanetary_Spacecraft\Interplanetary_Test_Space\Project1\Project1\Debug\Interface1.res
R:\Interplanetary_Spacecraft\Interplanetary_Test_Space\Project1\Project1\Debug\vc110.idb
R:\Interplanetary_Spacecraft\Interplanetary_Test_Space\Project1\Project1\Debug\vc110.pdb
R:\Interplanetary_Spacecraft\Interplanetary_Test_Space\Project1\Debug\Project1.pdb
R:\Interplanetary_Spacecraft\Interplanetary_Test_Space\Project1\Debug\Project1.exe
